{
  "RSpec": {
    "coverage": {
      "/Users/danielmorais/Desktop/rails/medidata/app/helpers/allergies_helper.rb": [
        1,
        null
      ],
      "/Users/danielmorais/Desktop/rails/medidata/app/helpers/application_helper.rb": [
        1,
        null
      ],
      "/Users/danielmorais/Desktop/rails/medidata/app/helpers/contacts_helper.rb": [
        1,
        null
      ],
      "/Users/danielmorais/Desktop/rails/medidata/app/helpers/hdls_helper.rb": [
        1,
        null
      ],
      "/Users/danielmorais/Desktop/rails/medidata/app/helpers/heights_helper.rb": [
        1,
        null
      ],
      "/Users/danielmorais/Desktop/rails/medidata/app/helpers/ldls_helper.rb": [
        1,
        null
      ],
      "/Users/danielmorais/Desktop/rails/medidata/app/helpers/medications_helper.rb": [
        1,
        null
      ],
      "/Users/danielmorais/Desktop/rails/medidata/app/helpers/nonhdls_helper.rb": [
        1,
        null
      ],
      "/Users/danielmorais/Desktop/rails/medidata/app/helpers/platelets_helper.rb": [
        1,
        null
      ],
      "/Users/danielmorais/Desktop/rails/medidata/app/helpers/pressures_helper.rb": [
        1,
        null
      ],
      "/Users/danielmorais/Desktop/rails/medidata/app/helpers/profiles_helper.rb": [
        1,
        null
      ],
      "/Users/danielmorais/Desktop/rails/medidata/app/helpers/totals_helper.rb": [
        1,
        null
      ],
      "/Users/danielmorais/Desktop/rails/medidata/app/helpers/vldls_helper.rb": [
        1,
        null
      ],
      "/Users/danielmorais/Desktop/rails/medidata/app/helpers/weights_helper.rb": [
        1,
        null
      ],
      "/Users/danielmorais/Desktop/rails/medidata/app/helpers/welcome_helper.rb": [
        1,
        null
      ],
      "/Users/danielmorais/Desktop/rails/medidata/app/controllers/allergies_controller.rb": [
        1,
        null,
        1,
        null,
        1,
        3,
        null,
        null,
        1,
        null,
        null,
        1,
        3,
        null,
        null,
        1,
        4,
        null,
        4,
        null,
        4,
        2,
        2,
        null,
        2,
        null,
        null,
        null,
        1,
        4,
        null,
        4,
        2,
        2,
        null,
        2,
        null,
        null,
        null,
        null,
        1,
        2,
        null,
        2,
        null,
        2,
        null,
        2,
        null,
        null,
        1,
        1,
        8,
        null,
        null
      ],
      "/Users/danielmorais/Desktop/rails/medidata/app/controllers/application_controller.rb": [
        1,
        null,
        1,
        288,
        288,
        null,
        null,
        288,
        72,
        null,
        null,
        null
      ],
      "/Users/danielmorais/Desktop/rails/medidata/app/controllers/contacts_controller.rb": [
        1,
        null,
        1,
        null,
        1,
        3,
        null,
        null,
        1,
        null,
        null,
        1,
        3,
        null,
        null,
        1,
        4,
        null,
        4,
        null,
        4,
        2,
        2,
        null,
        2,
        null,
        null,
        null,
        1,
        4,
        null,
        4,
        2,
        2,
        null,
        2,
        null,
        null,
        null,
        null,
        1,
        2,
        null,
        2,
        null,
        2,
        null,
        2,
        null,
        null,
        1,
        1,
        8,
        null,
        null
      ],
      "/Users/danielmorais/Desktop/rails/medidata/app/controllers/hdls_controller.rb": [
        1,
        null,
        1,
        null,
        1,
        3,
        null,
        null,
        1,
        null,
        null,
        1,
        3,
        null,
        null,
        1,
        4,
        null,
        4,
        null,
        4,
        2,
        2,
        null,
        2,
        null,
        null,
        null,
        1,
        4,
        null,
        4,
        2,
        2,
        null,
        2,
        null,
        null,
        null,
        null,
        1,
        2,
        null,
        2,
        null,
        2,
        null,
        2,
        null,
        null,
        1,
        1,
        8,
        null,
        null
      ],
      "/Users/danielmorais/Desktop/rails/medidata/app/controllers/heights_controller.rb": [
        1,
        null,
        1,
        null,
        1,
        3,
        null,
        null,
        1,
        null,
        null,
        1,
        3,
        null,
        null,
        1,
        4,
        null,
        4,
        null,
        4,
        2,
        2,
        null,
        2,
        null,
        null,
        null,
        1,
        4,
        null,
        4,
        2,
        2,
        null,
        2,
        null,
        null,
        null,
        null,
        1,
        2,
        null,
        2,
        null,
        2,
        null,
        2,
        null,
        null,
        1,
        1,
        8,
        null,
        null
      ],
      "/Users/danielmorais/Desktop/rails/medidata/app/controllers/ldls_controller.rb": [
        1,
        null,
        1,
        null,
        1,
        3,
        null,
        null,
        1,
        null,
        null,
        1,
        3,
        null,
        null,
        1,
        4,
        null,
        4,
        null,
        4,
        2,
        2,
        null,
        2,
        null,
        null,
        null,
        1,
        4,
        null,
        4,
        2,
        2,
        null,
        2,
        null,
        null,
        null,
        null,
        1,
        2,
        null,
        2,
        null,
        2,
        null,
        2,
        null,
        null,
        1,
        1,
        8,
        null,
        null
      ],
      "/Users/danielmorais/Desktop/rails/medidata/app/controllers/medications_controller.rb": [
        1,
        null,
        1,
        null,
        1,
        3,
        null,
        null,
        1,
        null,
        null,
        1,
        3,
        null,
        null,
        1,
        4,
        null,
        4,
        null,
        4,
        2,
        2,
        null,
        2,
        null,
        null,
        null,
        1,
        4,
        null,
        4,
        2,
        2,
        null,
        2,
        null,
        null,
        null,
        1,
        2,
        null,
        2,
        null,
        2,
        null,
        2,
        null,
        null,
        1,
        null,
        1,
        8,
        null,
        null
      ],
      "/Users/danielmorais/Desktop/rails/medidata/app/controllers/nonhdls_controller.rb": [
        1,
        null,
        1,
        null,
        1,
        3,
        null,
        null,
        1,
        null,
        null,
        1,
        3,
        null,
        null,
        1,
        4,
        null,
        4,
        null,
        4,
        2,
        2,
        null,
        2,
        null,
        null,
        null,
        1,
        4,
        null,
        4,
        2,
        2,
        null,
        2,
        null,
        null,
        null,
        null,
        1,
        2,
        null,
        2,
        null,
        2,
        null,
        2,
        null,
        null,
        1,
        1,
        8,
        null,
        null
      ],
      "/Users/danielmorais/Desktop/rails/medidata/app/controllers/platelets_controller.rb": [
        1,
        1,
        null,
        1,
        3,
        null,
        null,
        1,
        null,
        null,
        1,
        3,
        null,
        null,
        1,
        4,
        null,
        4,
        null,
        4,
        2,
        2,
        null,
        2,
        null,
        null,
        null,
        1,
        4,
        null,
        4,
        2,
        2,
        null,
        2,
        null,
        null,
        null,
        1,
        2,
        null,
        2,
        null,
        2,
        null,
        2,
        null,
        null,
        1,
        null,
        1,
        8,
        null,
        null,
        null,
        null,
        null
      ],
      "/Users/danielmorais/Desktop/rails/medidata/app/controllers/pressures_controller.rb": [
        1,
        null,
        1,
        null,
        null,
        null,
        1,
        3,
        null,
        null,
        1,
        null,
        null,
        1,
        3,
        null,
        null,
        1,
        null,
        4,
        4,
        null,
        4,
        2,
        2,
        2,
        null,
        2,
        null,
        null,
        null,
        1,
        4,
        null,
        4,
        2,
        2,
        null,
        2,
        null,
        null,
        null,
        null,
        null,
        1,
        2,
        null,
        2,
        2,
        null,
        2,
        null,
        null,
        1,
        1,
        8,
        null,
        null,
        null,
        null,
        null
      ],
      "/Users/danielmorais/Desktop/rails/medidata/app/controllers/profiles_controller.rb": [
        1,
        null,
        1,
        1,
        null,
        null,
        1,
        null,
        null,
        1,
        1,
        null,
        null,
        1,
        1,
        null,
        null,
        1,
        null,
        6,
        null,
        6,
        2,
        2,
        null,
        4,
        null,
        null,
        null,
        null,
        1,
        6,
        null,
        6,
        4,
        null,
        null,
        6,
        null,
        null,
        null,
        1,
        1,
        6,
        null,
        null,
        null,
        null,
        null,
        null,
        null,
        1,
        6,
        null,
        null,
        null,
        null,
        null
      ],
      "/Users/danielmorais/Desktop/rails/medidata/app/controllers/totals_controller.rb": [
        1,
        null,
        1,
        null,
        1,
        3,
        null,
        null,
        1,
        null,
        null,
        1,
        3,
        null,
        null,
        1,
        4,
        null,
        4,
        null,
        4,
        2,
        2,
        null,
        2,
        null,
        null,
        null,
        1,
        4,
        null,
        4,
        2,
        2,
        null,
        2,
        null,
        null,
        null,
        null,
        1,
        2,
        null,
        2,
        null,
        2,
        null,
        2,
        null,
        null,
        1,
        1,
        8,
        null,
        null
      ],
      "/Users/danielmorais/Desktop/rails/medidata/app/controllers/vldls_controller.rb": [
        1,
        null,
        1,
        null,
        1,
        3,
        null,
        null,
        1,
        null,
        null,
        1,
        3,
        null,
        null,
        1,
        4,
        null,
        4,
        null,
        4,
        2,
        2,
        null,
        2,
        null,
        null,
        null,
        1,
        4,
        null,
        4,
        2,
        2,
        null,
        2,
        null,
        null,
        null,
        null,
        1,
        2,
        null,
        2,
        null,
        2,
        null,
        2,
        null,
        null,
        1,
        1,
        8,
        null,
        null
      ],
      "/Users/danielmorais/Desktop/rails/medidata/app/controllers/weights_controller.rb": [
        1,
        null,
        1,
        null,
        1,
        3,
        null,
        null,
        1,
        null,
        null,
        1,
        3,
        null,
        null,
        1,
        4,
        null,
        4,
        null,
        4,
        2,
        2,
        null,
        2,
        null,
        null,
        null,
        1,
        4,
        null,
        4,
        2,
        2,
        null,
        2,
        null,
        null,
        null,
        null,
        1,
        2,
        null,
        2,
        null,
        2,
        null,
        2,
        null,
        null,
        1,
        1,
        8,
        null,
        null
      ],
      "/Users/danielmorais/Desktop/rails/medidata/app/controllers/welcome_controller.rb": [
        1,
        1,
        null,
        null
      ],
      "/Users/danielmorais/Desktop/rails/medidata/app/models/allergy.rb": [
        1,
        1,
        null,
        1,
        1,
        null
      ],
      "/Users/danielmorais/Desktop/rails/medidata/app/models/application_record.rb": [
        1,
        1,
        null
      ],
      "/Users/danielmorais/Desktop/rails/medidata/app/models/body_mass_index.rb": [
        1,
        null,
        1,
        4,
        2,
        null,
        null,
        null
      ],
      "/Users/danielmorais/Desktop/rails/medidata/app/models/contact.rb": [
        1,
        1,
        null,
        1,
        1,
        1,
        1,
        null
      ],
      "/Users/danielmorais/Desktop/rails/medidata/app/models/hdl.rb": [
        1,
        1,
        1,
        null,
        1,
        null,
        null,
        null,
        1,
        null,
        1,
        33,
        null,
        null
      ],
      "/Users/danielmorais/Desktop/rails/medidata/app/models/height.rb": [
        1,
        1,
        1,
        null,
        1,
        null,
        1,
        null,
        1,
        41,
        null,
        null
      ],
      "/Users/danielmorais/Desktop/rails/medidata/app/models/ldl.rb": [
        1,
        1,
        1,
        null,
        1,
        null,
        null,
        null,
        1,
        null,
        1,
        33,
        null,
        null
      ],
      "/Users/danielmorais/Desktop/rails/medidata/app/models/medication.rb": [
        1,
        1,
        1,
        1,
        1,
        1,
        1,
        null
      ],
      "/Users/danielmorais/Desktop/rails/medidata/app/models/non_hdl.rb": [
        1,
        1,
        1,
        null,
        1,
        null,
        null,
        null,
        1,
        null,
        1,
        33,
        null,
        null
      ],
      "/Users/danielmorais/Desktop/rails/medidata/app/models/platelet.rb": [
        1,
        1,
        1,
        null,
        null,
        null,
        1,
        1,
        1,
        1,
        1,
        1,
        1,
        1,
        1,
        1,
        1,
        1,
        1,
        1,
        1,
        1,
        1,
        1,
        1,
        null
      ],
      "/Users/danielmorais/Desktop/rails/medidata/app/models/pressure.rb": [
        1,
        1,
        null,
        1,
        null,
        1,
        null,
        1,
        null,
        null
      ],
      "/Users/danielmorais/Desktop/rails/medidata/app/models/profile.rb": [
        1,
        1,
        1,
        1,
        1,
        1,
        1,
        1,
        1,
        1,
        1,
        1,
        1,
        null,
        1,
        null,
        null,
        null,
        null,
        1,
        1,
        1,
        null,
        1,
        4,
        null,
        null,
        1,
        5,
        null,
        null,
        1,
        3,
        1,
        null,
        null,
        null,
        null
      ],
      "/Users/danielmorais/Desktop/rails/medidata/app/models/total.rb": [
        1,
        1,
        1,
        null,
        1,
        null,
        null,
        null,
        1,
        null,
        1,
        33,
        null,
        null
      ],
      "/Users/danielmorais/Desktop/rails/medidata/app/models/vldl.rb": [
        1,
        1,
        1,
        null,
        1,
        null,
        null,
        null,
        1,
        null,
        1,
        33,
        null,
        null
      ],
      "/Users/danielmorais/Desktop/rails/medidata/app/models/weight.rb": [
        1,
        1,
        1,
        null,
        1,
        null,
        null,
        null,
        1,
        null,
        1,
        40,
        null,
        null
      ],
      "/Users/danielmorais/Desktop/rails/medidata/app/mailers/application_mailer.rb": [
        null,
        null,
        null,
        null
      ],
      "/Users/danielmorais/Desktop/rails/medidata/app/jobs/application_job.rb": [
        null,
        null
      ],
      "/Users/danielmorais/Desktop/rails/medidata/app/channels/application_cable/connection.rb": [
        null,
        null,
        null,
        null
      ],
      "/Users/danielmorais/Desktop/rails/medidata/app/channels/application_cable/channel.rb": [
        null,
        null,
        null,
        null
      ]
    },
    "timestamp": 1542570676
  }
}
