{
  "RSpec": {
    "coverage": {
      "/home/damorais/projects/medidata/app/models/user.rb": [
        1,
        null,
        null,
        1,
        null,
        null,
        1,
        null
      ],
      "/home/damorais/projects/medidata/app/models/application_record.rb": [
        1,
        1,
        null
      ],
      "/home/damorais/projects/medidata/app/helpers/allergies_helper.rb": [
        1,
        null
      ],
      "/home/damorais/projects/medidata/app/helpers/application_helper.rb": [
        1,
        null
      ],
      "/home/damorais/projects/medidata/app/helpers/contacts_helper.rb": [
        1,
        null
      ],
      "/home/damorais/projects/medidata/app/helpers/diseases_helper.rb": [
        1,
        null
      ],
      "/home/damorais/projects/medidata/app/helpers/glucose_measures_helper.rb": [
        1,
        null
      ],
      "/home/damorais/projects/medidata/app/helpers/hdls_helper.rb": [
        1,
        null
      ],
      "/home/damorais/projects/medidata/app/helpers/health_insurances_helper.rb": [
        1,
        null
      ],
      "/home/damorais/projects/medidata/app/helpers/heights_helper.rb": [
        1,
        null
      ],
      "/home/damorais/projects/medidata/app/helpers/ldls_helper.rb": [
        1,
        null
      ],
      "/home/damorais/projects/medidata/app/helpers/medical_appointments_helper.rb": [
        1,
        null
      ],
      "/home/damorais/projects/medidata/app/helpers/medications_helper.rb": [
        1,
        null
      ],
      "/home/damorais/projects/medidata/app/helpers/nonhdls_helper.rb": [
        1,
        null
      ],
      "/home/damorais/projects/medidata/app/helpers/platelets_helper.rb": [
        1,
        null
      ],
      "/home/damorais/projects/medidata/app/helpers/pressures_helper.rb": [
        1,
        null
      ],
      "/home/damorais/projects/medidata/app/helpers/profiles_helper.rb": [
        1,
        null
      ],
      "/home/damorais/projects/medidata/app/helpers/reactions_helper.rb": [
        1,
        null
      ],
      "/home/damorais/projects/medidata/app/helpers/totals_helper.rb": [
        1,
        null
      ],
      "/home/damorais/projects/medidata/app/helpers/vldls_helper.rb": [
        1,
        null
      ],
      "/home/damorais/projects/medidata/app/helpers/weights_helper.rb": [
        1,
        null
      ],
      "/home/damorais/projects/medidata/app/helpers/welcome_helper.rb": [
        1,
        null
      ],
      "/home/damorais/projects/medidata/app/controllers/allergies_controller.rb": [
        1,
        1,
        null,
        1,
        1,
        1,
        null,
        1,
        3,
        null,
        null,
        1,
        null,
        1,
        3,
        null,
        null,
        1,
        4,
        null,
        4,
        null,
        4,
        2,
        2,
        null,
        2,
        null,
        null,
        null,
        1,
        4,
        null,
        4,
        2,
        2,
        null,
        2,
        null,
        null,
        null,
        1,
        2,
        null,
        2,
        null,
        2,
        null,
        2,
        null,
        null,
        1,
        null,
        1,
        8,
        null,
        null
      ],
      "/home/damorais/projects/medidata/app/controllers/application_controller.rb": [
        null,
        null,
        1,
        1,
        1,
        null,
        null,
        1,
        314,
        null,
        314,
        null,
        314,
        null,
        null,
        1,
        314,
        null,
        314,
        null,
        null
      ],
      "/home/damorais/projects/medidata/app/controllers/contacts_controller.rb": [
        1,
        1,
        null,
        1,
        1,
        1,
        null,
        1,
        3,
        null,
        null,
        1,
        null,
        1,
        3,
        null,
        null,
        1,
        4,
        null,
        4,
        null,
        4,
        2,
        2,
        null,
        2,
        null,
        null,
        null,
        1,
        4,
        null,
        4,
        2,
        2,
        null,
        2,
        null,
        null,
        null,
        1,
        2,
        null,
        2,
        null,
        2,
        null,
        2,
        null,
        null,
        1,
        null,
        1,
        8,
        null,
        null
      ],
      "/home/damorais/projects/medidata/app/controllers/diseases_controller.rb": [
        1,
        1,
        null,
        1,
        1,
        1,
        null,
        1,
        3,
        null,
        null,
        1,
        null,
        null,
        1,
        3,
        null,
        null,
        1,
        4,
        null,
        4,
        null,
        4,
        2,
        2,
        null,
        2,
        null,
        null,
        null,
        1,
        4,
        null,
        4,
        2,
        2,
        null,
        2,
        null,
        null,
        null,
        null,
        1,
        2,
        null,
        2,
        null,
        2,
        null,
        2,
        null,
        null,
        1,
        1,
        8,
        null,
        null
      ],
      "/home/damorais/projects/medidata/app/controllers/glucose_measures_controller.rb": [
        null,
        null,
        1,
        1,
        1,
        1,
        1,
        null,
        1,
        3,
        null,
        null,
        1,
        null,
        1,
        3,
        null,
        null,
        1,
        4,
        4,
        4,
        2,
        2,
        2,
        null,
        2,
        null,
        null,
        null,
        1,
        4,
        null,
        4,
        2,
        2,
        null,
        2,
        null,
        null,
        null,
        1,
        2,
        null,
        2,
        2,
        null,
        2,
        null,
        null,
        1,
        null,
        1,
        8,
        null,
        null,
        null,
        null
      ],
      "/home/damorais/projects/medidata/app/controllers/hdls_controller.rb": [
        null,
        null,
        1,
        1,
        1,
        1,
        1,
        null,
        1,
        3,
        null,
        null,
        1,
        null,
        1,
        3,
        null,
        null,
        1,
        4,
        null,
        4,
        null,
        4,
        2,
        2,
        null,
        2,
        null,
        null,
        null,
        1,
        4,
        null,
        4,
        2,
        2,
        null,
        2,
        null,
        null,
        null,
        1,
        2,
        null,
        2,
        null,
        2,
        null,
        2,
        null,
        null,
        1,
        null,
        1,
        8,
        null,
        null
      ],
      "/home/damorais/projects/medidata/app/controllers/health_insurances_controller.rb": [
        1,
        1,
        null,
        1,
        1,
        1,
        null,
        1,
        3,
        null,
        null,
        1,
        null,
        1,
        3,
        null,
        null,
        1,
        4,
        null,
        4,
        null,
        4,
        2,
        2,
        null,
        2,
        null,
        null,
        null,
        1,
        4,
        null,
        4,
        2,
        2,
        null,
        2,
        null,
        null,
        null,
        1,
        2,
        null,
        2,
        null,
        2,
        null,
        2,
        null,
        null,
        1,
        null,
        1,
        8,
        null,
        null
      ],
      "/home/damorais/projects/medidata/app/controllers/heights_controller.rb": [
        1,
        1,
        null,
        1,
        1,
        1,
        null,
        1,
        3,
        null,
        null,
        1,
        null,
        1,
        3,
        null,
        null,
        1,
        4,
        null,
        4,
        null,
        4,
        2,
        2,
        null,
        2,
        null,
        null,
        null,
        1,
        4,
        null,
        4,
        2,
        2,
        null,
        2,
        null,
        null,
        null,
        1,
        2,
        null,
        2,
        null,
        2,
        null,
        2,
        null,
        null,
        1,
        null,
        1,
        8,
        null,
        null
      ],
      "/home/damorais/projects/medidata/app/controllers/ldls_controller.rb": [
        null,
        null,
        1,
        1,
        1,
        1,
        1,
        null,
        1,
        3,
        null,
        null,
        1,
        null,
        1,
        3,
        null,
        null,
        1,
        4,
        null,
        4,
        null,
        4,
        2,
        2,
        null,
        2,
        null,
        null,
        null,
        1,
        4,
        null,
        4,
        2,
        2,
        null,
        2,
        null,
        null,
        null,
        1,
        2,
        null,
        2,
        null,
        2,
        null,
        2,
        null,
        null,
        1,
        null,
        1,
        8,
        null,
        null
      ],
      "/home/damorais/projects/medidata/app/controllers/medical_appointments_controller.rb": [
        1,
        1,
        null,
        1,
        1,
        1,
        null,
        1,
        3,
        null,
        null,
        1,
        null,
        null,
        1,
        3,
        null,
        null,
        1,
        4,
        null,
        4,
        null,
        4,
        2,
        2,
        null,
        2,
        null,
        null,
        null,
        1,
        4,
        null,
        4,
        2,
        2,
        null,
        2,
        null,
        null,
        null,
        1,
        2,
        null,
        2,
        null,
        2,
        2,
        null,
        2,
        null,
        null,
        1,
        1,
        8,
        null,
        null
      ],
      "/home/damorais/projects/medidata/app/controllers/medications_controller.rb": [
        1,
        1,
        null,
        1,
        1,
        1,
        null,
        1,
        3,
        null,
        null,
        1,
        null,
        1,
        3,
        null,
        null,
        1,
        4,
        null,
        4,
        null,
        4,
        2,
        2,
        null,
        2,
        null,
        null,
        null,
        1,
        4,
        null,
        4,
        2,
        2,
        null,
        2,
        null,
        null,
        null,
        1,
        2,
        null,
        2,
        null,
        2,
        null,
        2,
        null,
        null,
        1,
        null,
        1,
        8,
        null,
        null
      ],
      "/home/damorais/projects/medidata/app/controllers/nonhdls_controller.rb": [
        null,
        1,
        1,
        null,
        1,
        1,
        1,
        null,
        1,
        3,
        null,
        null,
        1,
        null,
        1,
        3,
        null,
        null,
        1,
        4,
        null,
        4,
        null,
        4,
        2,
        2,
        null,
        2,
        null,
        null,
        null,
        1,
        4,
        null,
        4,
        2,
        2,
        null,
        2,
        null,
        null,
        null,
        1,
        2,
        null,
        2,
        null,
        2,
        null,
        2,
        null,
        null,
        1,
        null,
        1,
        8,
        null,
        null
      ],
      "/home/damorais/projects/medidata/app/controllers/platelets_controller.rb": [
        null,
        null,
        1,
        1,
        null,
        1,
        1,
        1,
        null,
        1,
        3,
        null,
        null,
        1,
        null,
        1,
        3,
        null,
        null,
        1,
        4,
        null,
        4,
        null,
        4,
        2,
        2,
        null,
        2,
        null,
        null,
        null,
        1,
        4,
        null,
        4,
        2,
        2,
        null,
        2,
        null,
        null,
        null,
        1,
        2,
        null,
        2,
        null,
        2,
        null,
        2,
        null,
        null,
        1,
        null,
        1,
        8,
        null,
        null,
        null,
        null,
        null
      ],
      "/home/damorais/projects/medidata/app/controllers/pressures_controller.rb": [
        1,
        1,
        null,
        1,
        1,
        1,
        null,
        1,
        3,
        null,
        null,
        1,
        null,
        1,
        3,
        null,
        null,
        1,
        4,
        4,
        null,
        4,
        2,
        2,
        2,
        null,
        2,
        null,
        null,
        null,
        1,
        4,
        null,
        4,
        2,
        2,
        null,
        2,
        null,
        null,
        null,
        1,
        2,
        null,
        2,
        2,
        null,
        2,
        null,
        null,
        1,
        null,
        1,
        8,
        null,
        null,
        null,
        null
      ],
      "/home/damorais/projects/medidata/app/controllers/profiles_controller.rb": [
        1,
        1,
        null,
        1,
        1,
        1,
        null,
        1,
        1,
        null,
        null,
        1,
        1,
        null,
        null,
        1,
        null,
        1,
        1,
        null,
        null,
        1,
        6,
        6,
        6,
        null,
        6,
        2,
        2,
        null,
        4,
        null,
        null,
        null,
        1,
        6,
        null,
        6,
        4,
        null,
        null,
        6,
        null,
        null,
        1,
        null,
        1,
        6,
        null,
        null,
        null,
        null,
        null,
        null,
        1,
        6,
        null,
        null,
        null,
        null,
        null
      ],
      "/home/damorais/projects/medidata/app/controllers/reactions_controller.rb": [
        null,
        null,
        1,
        1,
        null,
        1,
        1,
        1,
        null,
        1,
        3,
        null,
        null,
        1,
        null,
        1,
        3,
        null,
        null,
        1,
        4,
        null,
        4,
        null,
        4,
        2,
        2,
        null,
        2,
        null,
        null,
        null,
        1,
        4,
        null,
        4,
        2,
        2,
        null,
        2,
        null,
        null,
        null,
        1,
        2,
        null,
        2,
        null,
        2,
        null,
        2,
        null,
        null,
        1,
        null,
        1,
        8,
        null,
        null
      ],
      "/home/damorais/projects/medidata/app/controllers/totals_controller.rb": [
        null,
        null,
        1,
        1,
        null,
        1,
        1,
        1,
        null,
        1,
        3,
        null,
        null,
        1,
        null,
        1,
        3,
        null,
        null,
        1,
        4,
        null,
        4,
        null,
        4,
        2,
        2,
        null,
        2,
        null,
        null,
        null,
        1,
        4,
        null,
        4,
        2,
        2,
        null,
        2,
        null,
        null,
        null,
        1,
        2,
        null,
        2,
        null,
        2,
        null,
        2,
        null,
        null,
        1,
        null,
        1,
        8,
        null,
        null
      ],
      "/home/damorais/projects/medidata/app/controllers/vldls_controller.rb": [
        null,
        null,
        1,
        1,
        null,
        1,
        1,
        1,
        null,
        1,
        3,
        null,
        null,
        1,
        null,
        1,
        3,
        null,
        null,
        1,
        4,
        null,
        4,
        null,
        4,
        2,
        2,
        null,
        2,
        null,
        null,
        null,
        1,
        4,
        null,
        4,
        2,
        2,
        null,
        2,
        null,
        null,
        null,
        1,
        2,
        null,
        2,
        null,
        2,
        null,
        2,
        null,
        null,
        1,
        null,
        1,
        8,
        null,
        null
      ],
      "/home/damorais/projects/medidata/app/controllers/weights_controller.rb": [
        1,
        1,
        null,
        1,
        1,
        1,
        null,
        1,
        3,
        null,
        null,
        1,
        null,
        1,
        3,
        null,
        null,
        1,
        4,
        null,
        4,
        null,
        4,
        2,
        2,
        null,
        2,
        null,
        null,
        null,
        1,
        4,
        null,
        4,
        2,
        2,
        null,
        2,
        null,
        null,
        null,
        1,
        2,
        null,
        2,
        null,
        2,
        null,
        2,
        null,
        null,
        1,
        null,
        1,
        8,
        null,
        null
      ],
      "/home/damorais/projects/medidata/app/controllers/welcome_controller.rb": [
        1,
        1,
        null
      ],
      "/home/damorais/projects/medidata/app/models/allergy.rb": [
        1,
        1,
        null,
        1,
        1,
        null
      ],
      "/home/damorais/projects/medidata/app/models/body_mass_index.rb": [
        1,
        null,
        1,
        4,
        2,
        null,
        null,
        null
      ],
      "/home/damorais/projects/medidata/app/models/contact.rb": [
        null,
        null,
        1,
        1,
        null,
        1,
        1,
        1,
        1,
        null
      ],
      "/home/damorais/projects/medidata/app/models/disease.rb": [
        1,
        1,
        1,
        null,
        1,
        1,
        1,
        null,
        1,
        28,
        null,
        null
      ],
      "/home/damorais/projects/medidata/app/models/glucose_measure.rb": [
        1,
        1,
        null,
        1,
        null,
        null,
        null
      ],
      "/home/damorais/projects/medidata/app/models/hdl.rb": [
        1,
        1,
        1,
        null,
        1,
        null,
        null,
        null,
        1,
        null,
        1,
        31,
        null,
        null
      ],
      "/home/damorais/projects/medidata/app/models/health_insurance.rb": [
        1,
        1,
        null,
        1,
        1,
        1,
        1,
        1,
        null,
        null
      ],
      "/home/damorais/projects/medidata/app/models/height.rb": [
        1,
        1,
        1,
        null,
        1,
        null,
        1,
        null,
        1,
        39,
        null,
        null
      ],
      "/home/damorais/projects/medidata/app/models/ldl.rb": [
        1,
        1,
        1,
        null,
        1,
        null,
        null,
        null,
        1,
        null,
        1,
        31,
        null,
        null
      ],
      "/home/damorais/projects/medidata/app/models/medical_appointment.rb": [
        1,
        1,
        null,
        1,
        1,
        1,
        null,
        null
      ],
      "/home/damorais/projects/medidata/app/models/medication.rb": [
        1,
        1,
        1,
        1,
        1,
        1,
        1,
        null
      ],
      "/home/damorais/projects/medidata/app/models/non_hdl.rb": [
        1,
        1,
        1,
        null,
        1,
        null,
        null,
        null,
        1,
        null,
        1,
        31,
        null,
        null
      ],
      "/home/damorais/projects/medidata/app/models/platelet.rb": [
        1,
        1,
        1,
        null,
        null,
        null,
        1,
        1,
        1,
        1,
        1,
        1,
        1,
        1,
        1,
        1,
        1,
        1,
        1,
        1,
        1,
        1,
        1,
        1,
        1,
        null
      ],
      "/home/damorais/projects/medidata/app/models/pressure.rb": [
        1,
        1,
        null,
        1,
        null,
        1,
        null,
        1,
        null,
        null
      ],
      "/home/damorais/projects/medidata/app/models/profile.rb": [
        null,
        null,
        1,
        1,
        null,
        1,
        1,
        1,
        1,
        1,
        1,
        1,
        1,
        1,
        1,
        1,
        1,
        1,
        1,
        1,
        1,
        1,
        null,
        1,
        null,
        null,
        null,
        1,
        1,
        1,
        null,
        1,
        4,
        null,
        null,
        1,
        5,
        null,
        null,
        1,
        3,
        1,
        null,
        null,
        null
      ],
      "/home/damorais/projects/medidata/app/models/reaction.rb": [
        1,
        1,
        1,
        null,
        1,
        1,
        1,
        1,
        null,
        1,
        29,
        null,
        null
      ],
      "/home/damorais/projects/medidata/app/models/total.rb": [
        1,
        1,
        1,
        null,
        1,
        null,
        null,
        null,
        1,
        null,
        1,
        31,
        null,
        null
      ],
      "/home/damorais/projects/medidata/app/models/vldl.rb": [
        1,
        1,
        1,
        null,
        1,
        null,
        null,
        null,
        1,
        null,
        1,
        31,
        null,
        null
      ],
      "/home/damorais/projects/medidata/app/models/weight.rb": [
        1,
        1,
        1,
        null,
        1,
        null,
        null,
        null,
        1,
        null,
        1,
        38,
        null,
        null
      ],
      "/home/damorais/projects/medidata/app/jobs/application_job.rb": [
        null,
        null
      ],
      "/home/damorais/projects/medidata/app/mailers/application_mailer.rb": [
        null,
        null,
        null,
        null
      ],
      "/home/damorais/projects/medidata/app/channels/application_cable/connection.rb": [
        null,
        null,
        null,
        null
      ],
      "/home/damorais/projects/medidata/app/channels/application_cable/channel.rb": [
        null,
        null,
        null,
        null
      ]
    },
    "timestamp": 1543416495
  }
}
